<?xml version="1.0" encoding="UTF-8"?>
<!-- Generated by org.testng.reporters.JUnitReportReporter -->
<testsuite hostname="ULADZIMIR.local" failures="0" tests="4" name="myTests.Day5" time="0.002" errors="0" timestamp="2024-03-15T13:46:26 CET" skipped="0">
  <testcase classname="myTests.Day5" name="aDay5" time="0.001"/>
  <testcase classname="myTests.Day5" name="smokeTestOneDay5" time="0.001"/>
  <testcase classname="myTests.Day5" name="bDay5" time="0.000"/>
  <testcase classname="myTests.Day5" name="cDay5" time="0.000"/>
</testsuite> <!-- myTests.Day5 -->
