<?xml version="1.0" encoding="UTF-8"?>
<!-- Generated by org.testng.reporters.JUnitReportReporter -->
<testsuite hostname="ULADZIMIR.local" failures="0" tests="2" name="myTests.Day2" time="0.001" errors="0" timestamp="2024-03-15T13:46:26 CET" skipped="0">
  <testcase classname="myTests.Day2" name="smokeTestOneDay2" time="0.000"/>
  <testcase classname="myTests.Day2" name="testDay2" time="0.001"/>
</testsuite> <!-- myTests.Day2 -->
