<?xml version="1.0" encoding="UTF-8"?>
<!-- Generated by org.testng.reporters.JUnitReportReporter -->
<testsuite hostname="ULADZIMIR.local" failures="0" tests="4" name="myTests.Day4" time="0.004" errors="0" timestamp="2024-03-15T13:46:26 CET" skipped="0">
  <testcase classname="myTests.Day4" name="apiLoginCarLoan" time="0.002"/>
  <testcase classname="myTests.Day4" name="webLoginCarLoan" time="0.000"/>
  <testcase classname="myTests.Day4" name="mobileLoginCarLoan" time="0.001"/>
  <testcase classname="myTests.Day4" name="smokeTestOneDay4" time="0.001"/>
</testsuite> <!-- myTests.Day4 -->
