<?xml version="1.0" encoding="UTF-8"?>
<!-- Generated by org.testng.reporters.JUnitReportReporter -->
<testsuite hostname="ULADZIMIR.local" failures="0" tests="1" name="myTests.Day1" time="0.005" errors="0" timestamp="2024-03-15T13:39:26 CET" skipped="0">
  <testcase classname="myTests.Day1" name="smokeTestOneDay1" time="0.005"/>
</testsuite> <!-- myTests.Day1 -->
