<?xml version="1.0" encoding="UTF-8"?>
<!-- Generated by org.testng.reporters.JUnitReportReporter -->
<testsuite hostname="ULADZIMIR.local" failures="0" tests="4" name="myTests.Day6" time="0.003" errors="0" timestamp="2024-03-15T13:46:26 CET" skipped="0">
  <testcase classname="myTests.Day6" name="testTwoDay6" time="0.001"/>
  <testcase classname="myTests.Day6" name="testTwoDay6" time="0.001"/>
  <testcase classname="myTests.Day6" name="testTwoDay6" time="0.000"/>
  <testcase classname="myTests.Day6" name="testOneDay6" time="0.001"/>
</testsuite> <!-- myTests.Day6 -->
