<?xml version="1.0" encoding="UTF-8"?>
<!-- Generated by org.testng.reporters.JUnitReportReporter -->
<testsuite hostname="ULADZIMIR.local" failures="0" tests="2" name="myTests.Day3" time="0.001" errors="0" timestamp="2024-03-15T13:46:26 CET" skipped="1">
  <testcase classname="myTests.Day3" name="webLoginCarLoan" time="0.001"/>
  <testcase classname="myTests.Day3" name="smokeTestOneDay3">
    <skipped/>
  </testcase> <!-- smokeTestOneDay3 -->
</testsuite> <!-- myTests.Day3 -->
